c:\users\이도운\desktop\codes\raytracing\raytracing in a weekend\raytracing\x64\debug_cpu\raytracing.pch
c:\users\이도운\desktop\codes\raytracing\raytracing in a weekend\raytracing\x64\debug_cpu\vc140.pdb
c:\users\이도운\desktop\codes\raytracing\raytracing in a weekend\raytracing\x64\debug_cpu\vc140.idb
c:\users\이도운\desktop\codes\raytracing\raytracing in a weekend\raytracing\x64\debug_cpu\stdafx.obj
c:\users\이도운\desktop\codes\raytracing\raytracing in a weekend\raytracing\x64\debug_cpu\camera.obj
c:\users\이도운\desktop\codes\raytracing\raytracing in a weekend\raytracing\x64\debug_cpu\ray.obj
c:\users\이도운\desktop\codes\raytracing\raytracing in a weekend\raytracing\x64\debug_cpu\threadpool.obj
c:\users\이도운\desktop\codes\raytracing\raytracing in a weekend\raytracing\x64\debug_cpu\utility.obj
c:\users\이도운\desktop\codes\raytracing\raytracing in a weekend\raytracing\x64\debug_cpu\vector3.obj
c:\users\이도운\desktop\codes\raytracing\raytracing in a weekend\raytracing\x64\debug_cpu\main.obj
c:\users\이도운\desktop\codes\raytracing\raytracing in a weekend\raytracing\x64\debug_cpu\raytracing.obj
c:\users\이도운\desktop\codes\raytracing\raytracing in a weekend\raytracing\x64\debug_cpu\raytracing.res
c:\users\이도운\desktop\codes\raytracing\raytracing in a weekend\x64\debug_cpu\raytracing.pdb
c:\users\이도운\desktop\codes\raytracing\raytracing in a weekend\raytracing\x64\debug_cpu\raytracing.tlog\cl.command.1.tlog
c:\users\이도운\desktop\codes\raytracing\raytracing in a weekend\raytracing\x64\debug_cpu\raytracing.tlog\cl.read.1.tlog
c:\users\이도운\desktop\codes\raytracing\raytracing in a weekend\raytracing\x64\debug_cpu\raytracing.tlog\cl.write.1.tlog
c:\users\이도운\desktop\codes\raytracing\raytracing in a weekend\raytracing\x64\debug_cpu\raytracing.tlog\link-cvtres.read.1.tlog
c:\users\이도운\desktop\codes\raytracing\raytracing in a weekend\raytracing\x64\debug_cpu\raytracing.tlog\link-cvtres.write.1.tlog
c:\users\이도운\desktop\codes\raytracing\raytracing in a weekend\raytracing\x64\debug_cpu\raytracing.tlog\link-rc.read.1.tlog
c:\users\이도운\desktop\codes\raytracing\raytracing in a weekend\raytracing\x64\debug_cpu\raytracing.tlog\link-rc.write.1.tlog
c:\users\이도운\desktop\codes\raytracing\raytracing in a weekend\raytracing\x64\debug_cpu\raytracing.tlog\link.command.1.tlog
c:\users\이도운\desktop\codes\raytracing\raytracing in a weekend\raytracing\x64\debug_cpu\raytracing.tlog\link.read.1.tlog
c:\users\이도운\desktop\codes\raytracing\raytracing in a weekend\raytracing\x64\debug_cpu\raytracing.tlog\link.write.1.tlog
c:\users\이도운\desktop\codes\raytracing\raytracing in a weekend\raytracing\x64\debug_cpu\raytracing.tlog\rc.command.1.tlog
c:\users\이도운\desktop\codes\raytracing\raytracing in a weekend\raytracing\x64\debug_cpu\raytracing.tlog\rc.read.1.tlog
c:\users\이도운\desktop\codes\raytracing\raytracing in a weekend\raytracing\x64\debug_cpu\raytracing.tlog\rc.write.1.tlog
